e:\visual studio 2015\projects\sfmlopencv\sfmlopencv\debug\vc140.pdb
e:\visual studio 2015\projects\sfmlopencv\sfmlopencv\debug\vc140.idb
e:\visual studio 2015\projects\sfmlopencv\sfmlopencv\debug\main.obj
e:\visual studio 2015\projects\sfmlopencv\sfmlopencv\debug\player.obj
e:\visual studio 2015\projects\sfmlopencv\sfmlopencv\debug\sfmlopencv.pdb
e:\visual studio 2015\projects\sfmlopencv\sfmlopencv\debug\sfmlopencv.tlog\cl.command.1.tlog
e:\visual studio 2015\projects\sfmlopencv\sfmlopencv\debug\sfmlopencv.tlog\cl.read.1.tlog
e:\visual studio 2015\projects\sfmlopencv\sfmlopencv\debug\sfmlopencv.tlog\cl.write.1.tlog
e:\visual studio 2015\projects\sfmlopencv\sfmlopencv\debug\sfmlopencv.tlog\link-cvtres.read.1.tlog
e:\visual studio 2015\projects\sfmlopencv\sfmlopencv\debug\sfmlopencv.tlog\link-cvtres.write.1.tlog
e:\visual studio 2015\projects\sfmlopencv\sfmlopencv\debug\sfmlopencv.tlog\link-rc.read.1.tlog
e:\visual studio 2015\projects\sfmlopencv\sfmlopencv\debug\sfmlopencv.tlog\link-rc.write.1.tlog
e:\visual studio 2015\projects\sfmlopencv\sfmlopencv\debug\sfmlopencv.tlog\link.6600-cvtres.read.1.tlog
e:\visual studio 2015\projects\sfmlopencv\sfmlopencv\debug\sfmlopencv.tlog\link.6600-cvtres.write.1.tlog
e:\visual studio 2015\projects\sfmlopencv\sfmlopencv\debug\sfmlopencv.tlog\link.6600-rc.read.1.tlog
e:\visual studio 2015\projects\sfmlopencv\sfmlopencv\debug\sfmlopencv.tlog\link.6600-rc.write.1.tlog
e:\visual studio 2015\projects\sfmlopencv\sfmlopencv\debug\sfmlopencv.tlog\link.6600.read.1.tlog
e:\visual studio 2015\projects\sfmlopencv\sfmlopencv\debug\sfmlopencv.tlog\link.6600.write.1.tlog
e:\visual studio 2015\projects\sfmlopencv\sfmlopencv\debug\sfmlopencv.tlog\link.command.1.tlog
e:\visual studio 2015\projects\sfmlopencv\sfmlopencv\debug\sfmlopencv.tlog\link.read.1.tlog
e:\visual studio 2015\projects\sfmlopencv\sfmlopencv\debug\sfmlopencv.tlog\link.write.1.tlog
